<?xml version="1.0" encoding="UTF-8"?>
<!-- Generated by org.testng.reporters.JUnitReportReporter -->
<testsuite hostname="Prems-MacBook-Air.local" name="example.TestEmployeeDetails" tests="2" failures="0" timestamp="23 Jan 2016 17:46:17 GMT" time="0.014" errors="0">
  <testcase name="testCalculateAppriasal" time="0.013" classname="example.TestEmployeeDetails"/>
  <testcase name="testCalculateYearlySalary" time="0.001" classname="example.TestEmployeeDetails"/>
</testsuite> <!-- example.TestEmployeeDetails -->
